# JRE version: OpenJDK Runtime Environment (8.0) (build 1.8.0-25-microsoft-b00)
# Java VM: OpenJDK 64-Bit Server VM (25.71-b00 mixed mode windows-amd64 compressed oops)
Heap:
 PSYoungGen      total 152576K, used 26038K [0x00000000eab00000, 0x00000000f5500000, 0x0000000100000000)
  eden space 131072K, 3% used [0x00000000eab00000,0x00000000eaf70948,0x00000000f2b00000)
  from space 21504K, 99% used [0x00000000f4000000,0x00000000f54fd060,0x00000000f5500000)
  to   space 21504K, 0% used [0x00000000f2b00000,0x00000000f2b00000,0x00000000f4000000)
 ParOldGen       total 348160K, used 24099K [0x00000000c0000000, 0x00000000d5400000, 0x00000000eab00000)
  object space 348160K, 6% used [0x00000000c0000000,0x00000000c1788ec8,0x00000000d5400000)
 Metaspace       used 13935K, capacity 14748K, committed 15104K, reserved 1062912K
  class space    used 1759K, capacity 1950K, committed 2048K, reserved 1048576K
GC Heap History (4 events):
Event: 0.707 GC heap before
{Heap before GC invocations=1 (full 0):
 PSYoungGen      total 152576K, used 131072K [0x00000000eab00000, 0x00000000f5500000, 0x0000000100000000)
  eden space 131072K, 100% used [0x00000000eab00000,0x00000000f2b00000,0x00000000f2b00000)
  from space 21504K, 0% used [0x00000000f4000000,0x00000000f4000000,0x00000000f5500000)
  to   space 21504K, 0% used [0x00000000f2b00000,0x00000000f2b00000,0x00000000f4000000)
 ParOldGen       total 348160K, used 0K [0x00000000c0000000, 0x00000000d5400000, 0x00000000eab00000)
  object space 348160K, 0% used [0x00000000c0000000,0x00000000c0000000,0x00000000d5400000)
 Metaspace       used 8630K, capacity 8990K, committed 9344K, reserved 1056768K
  class space    used 958K, capacity 1053K, committed 1152K, reserved 1048576K
Event: 0.730 GC heap after
Heap after GC invocations=1 (full 0):
 PSYoungGen      total 152576K, used 21494K [0x00000000eab00000, 0x00000000f5500000, 0x0000000100000000)
  eden space 131072K, 0% used [0x00000000eab00000,0x00000000eab00000,0x00000000f2b00000)
  from space 21504K, 99% used [0x00000000f2b00000,0x00000000f3ffd800,0x00000000f4000000)
  to   space 21504K, 0% used [0x00000000f4000000,0x00000000f4000000,0x00000000f5500000)
 ParOldGen       total 348160K, used 11146K [0x00000000c0000000, 0x00000000d5400000, 0x00000000eab00000)
  object space 348160K, 3% used [0x00000000c0000000,0x00000000c0ae2888,0x00000000d5400000)
 Metaspace       used 8630K, capacity 8990K, committed 9344K, reserved 1056768K
  class space    used 958K, capacity 1053K, committed 1152K, reserved 1048576K
}
Event: 1.298 GC heap before
{Heap before GC invocations=2 (full 0):
 PSYoungGen      total 152576K, used 152566K [0x00000000eab00000, 0x00000000f5500000, 0x0000000100000000)
  eden space 131072K, 100% used [0x00000000eab00000,0x00000000f2b00000,0x00000000f2b00000)
  from space 21504K, 99% used [0x00000000f2b00000,0x00000000f3ffd800,0x00000000f4000000)
  to   space 21504K, 0% used [0x00000000f4000000,0x00000000f4000000,0x00000000f5500000)
 ParOldGen       total 348160K, used 11146K [0x00000000c0000000, 0x00000000d5400000, 0x00000000eab00000)
  object space 348160K, 3% used [0x00000000c0000000,0x00000000c0ae2888,0x00000000d5400000)
 Metaspace       used 13925K, capacity 14748K, committed 15104K, reserved 1062912K
  class space    used 1759K, capacity 1950K, committed 2048K, reserved 1048576K
Event: 1.327 GC heap after
Heap after GC invocations=2 (full 0):
 PSYoungGen      total 152576K, used 21492K [0x00000000eab00000, 0x00000000f5500000, 0x0000000100000000)
  eden space 131072K, 0% used [0x00000000eab00000,0x00000000eab00000,0x00000000f2b00000)
  from space 21504K, 99% used [0x00000000f4000000,0x00000000f54fd060,0x00000000f5500000)
  to   space 21504K, 0% used [0x00000000f2b00000,0x00000000f2b00000,0x00000000f4000000)
 ParOldGen       total 348160K, used 24099K [0x00000000c0000000, 0x00000000d5400000, 0x00000000eab00000)
  object space 348160K, 6% used [0x00000000c0000000,0x00000000c1788ec8,0x00000000d5400000)
 Metaspace       used 13925K, capacity 14748K, committed 15104K, reserved 1062912K
  class space    used 1759K, capacity 1950K, committed 2048K, reserved 1048576K
}

