# JRE version: OpenJDK Runtime Environment (8.0) (build 1.8.0-25-microsoft-b00)
# Java VM: OpenJDK 64-Bit Server VM (25.71-b00 mixed mode windows-amd64 compressed oops)
Heap:
 PSYoungGen      total 26624K, used 21258K [0x0000000716000000, 0x0000000718500000, 0x00000007c0000000)
  eden space 16896K, 68% used [0x0000000716000000,0x0000000716b46478,0x0000000717080000)
  from space 9728K, 99% used [0x0000000717080000,0x00000007179fc3f8,0x0000000717a00000)
  to   space 8704K, 0% used [0x0000000717a00000,0x0000000717a00000,0x0000000718280000)
 ParOldGen       total 22016K, used 17633K [0x00000005c2000000, 0x00000005c3580000, 0x0000000716000000)
  object space 22016K, 80% used [0x00000005c2000000,0x00000005c31385a8,0x00000005c3580000)
 Metaspace       used 8768K, capacity 9460K, committed 9728K, reserved 1058816K
  class space    used 955K, capacity 1008K, committed 1024K, reserved 1048576K
GC Heap History (10 events):
Event: 0.660 GC heap before
{Heap before GC invocations=9 (full 1):
 PSYoungGen      total 14336K, used 13712K [0x0000000716000000, 0x0000000718000000, 0x00000007c0000000)
  eden space 11776K, 100% used [0x0000000716000000,0x0000000716b80000,0x0000000716b80000)
  from space 2560K, 75% used [0x0000000716b80000,0x0000000716d64170,0x0000000716e00000)
  to   space 4608K, 0% used [0x0000000717b80000,0x0000000717b80000,0x0000000718000000)
 ParOldGen       total 11264K, used 5610K [0x00000005c2000000, 0x00000005c2b00000, 0x0000000716000000)
  object space 11264K, 49% used [0x00000005c2000000,0x00000005c257a828,0x00000005c2b00000)
 Metaspace       used 7409K, capacity 8308K, committed 8576K, reserved 1056768K
  class space    used 857K, capacity 880K, committed 896K, reserved 1048576K
Event: 0.664 GC heap after
Heap after GC invocations=9 (full 1):
 PSYoungGen      total 18944K, used 4581K [0x0000000716000000, 0x0000000718000000, 0x00000007c0000000)
  eden space 14336K, 0% used [0x0000000716000000,0x0000000716000000,0x0000000716e00000)
  from space 4608K, 99% used [0x0000000717b80000,0x0000000717ff9440,0x0000000718000000)
  to   space 6144K, 0% used [0x0000000717400000,0x0000000717400000,0x0000000717a00000)
 ParOldGen       total 11264K, used 7397K [0x00000005c2000000, 0x00000005c2b00000, 0x0000000716000000)
  object space 11264K, 65% used [0x00000005c2000000,0x00000005c2739438,0x00000005c2b00000)
 Metaspace       used 7409K, capacity 8308K, committed 8576K, reserved 1056768K
  class space    used 857K, capacity 880K, committed 896K, reserved 1048576K
}
Event: 0.733 GC heap before
{Heap before GC invocations=10 (full 1):
 PSYoungGen      total 18944K, used 18917K [0x0000000716000000, 0x0000000718000000, 0x00000007c0000000)
  eden space 14336K, 100% used [0x0000000716000000,0x0000000716e00000,0x0000000716e00000)
  from space 4608K, 99% used [0x0000000717b80000,0x0000000717ff9440,0x0000000718000000)
  to   space 6144K, 0% used [0x0000000717400000,0x0000000717400000,0x0000000717a00000)
 ParOldGen       total 11264K, used 7397K [0x00000005c2000000, 0x00000005c2b00000, 0x0000000716000000)
  object space 11264K, 65% used [0x00000005c2000000,0x00000005c2739438,0x00000005c2b00000)
 Metaspace       used 7608K, capacity 8404K, committed 8704K, reserved 1056768K
  class space    used 871K, capacity 912K, committed 1024K, reserved 1048576K
Event: 0.737 GC heap after
Heap after GC invocations=10 (full 1):
 PSYoungGen      total 23040K, used 6126K [0x0000000716000000, 0x0000000718280000, 0x00000007c0000000)
  eden space 16896K, 0% used [0x0000000716000000,0x0000000716000000,0x0000000717080000)
  from space 6144K, 99% used [0x0000000717400000,0x00000007179fb840,0x0000000717a00000)
  to   space 8704K, 0% used [0x0000000717a00000,0x0000000717a00000,0x0000000718280000)
 ParOldGen       total 12288K, used 11377K [0x00000005c2000000, 0x00000005c2c00000, 0x0000000716000000)
  object space 12288K, 92% used [0x00000005c2000000,0x00000005c2b1c5e8,0x00000005c2c00000)
 Metaspace       used 7608K, capacity 8404K, committed 8704K, reserved 1056768K
  class space    used 871K, capacity 912K, committed 1024K, reserved 1048576K
}
Event: 0.737 GC heap before
{Heap before GC invocations=11 (full 2):
 PSYoungGen      total 23040K, used 6126K [0x0000000716000000, 0x0000000718280000, 0x00000007c0000000)
  eden space 16896K, 0% used [0x0000000716000000,0x0000000716000000,0x0000000717080000)
  from space 6144K, 99% used [0x0000000717400000,0x00000007179fb840,0x0000000717a00000)
  to   space 8704K, 0% used [0x0000000717a00000,0x0000000717a00000,0x0000000718280000)
 ParOldGen       total 12288K, used 11377K [0x00000005c2000000, 0x00000005c2c00000, 0x0000000716000000)
  object space 12288K, 92% used [0x00000005c2000000,0x00000005c2b1c5e8,0x00000005c2c00000)
 Metaspace       used 7608K, capacity 8404K, committed 8704K, reserved 1056768K
  class space    used 871K, capacity 912K, committed 1024K, reserved 1048576K
Event: 0.806 GC heap after
Heap after GC invocations=11 (full 2):
 PSYoungGen      total 23040K, used 3403K [0x0000000716000000, 0x0000000718280000, 0x00000007c0000000)
  eden space 16896K, 0% used [0x0000000716000000,0x0000000716000000,0x0000000717080000)
  from space 6144K, 55% used [0x0000000717400000,0x0000000717752fd8,0x0000000717a00000)
  to   space 8704K, 0% used [0x0000000717a00000,0x0000000717a00000,0x0000000718280000)
 ParOldGen       total 22016K, used 11862K [0x00000005c2000000, 0x00000005c3580000, 0x0000000716000000)
  object space 22016K, 53% used [0x00000005c2000000,0x00000005c2b958d8,0x00000005c3580000)
 Metaspace       used 7608K, capacity 8404K, committed 8704K, reserved 1056768K
  class space    used 871K, capacity 912K, committed 1024K, reserved 1048576K
}
Event: 0.888 GC heap before
{Heap before GC invocations=12 (full 2):
 PSYoungGen      total 23040K, used 20299K [0x0000000716000000, 0x0000000718280000, 0x00000007c0000000)
  eden space 16896K, 100% used [0x0000000716000000,0x0000000717080000,0x0000000717080000)
  from space 6144K, 55% used [0x0000000717400000,0x0000000717752fd8,0x0000000717a00000)
  to   space 8704K, 0% used [0x0000000717a00000,0x0000000717a00000,0x0000000718280000)
 ParOldGen       total 22016K, used 11862K [0x00000005c2000000, 0x00000005c3580000, 0x0000000716000000)
  object space 22016K, 53% used [0x00000005c2000000,0x00000005c2b958d8,0x00000005c3580000)
 Metaspace       used 7873K, capacity 8660K, committed 8960K, reserved 1056768K
  class space    used 881K, capacity 912K, committed 1024K, reserved 1048576K
Event: 0.893 GC heap after
Heap after GC invocations=12 (full 2):
 PSYoungGen      total 25600K, used 6804K [0x0000000716000000, 0x0000000718500000, 0x00000007c0000000)
  eden space 16896K, 0% used [0x0000000716000000,0x0000000716000000,0x0000000717080000)
  from space 8704K, 78% used [0x0000000717a00000,0x00000007180a5158,0x0000000718280000)
  to   space 9728K, 0% used [0x0000000717080000,0x0000000717080000,0x0000000717a00000)
 ParOldGen       total 22016K, used 14830K [0x00000005c2000000, 0x00000005c3580000, 0x0000000716000000)
  object space 22016K, 67% used [0x00000005c2000000,0x00000005c2e7b9e8,0x00000005c3580000)
 Metaspace       used 7873K, capacity 8660K, committed 8960K, reserved 1056768K
  class space    used 881K, capacity 912K, committed 1024K, reserved 1048576K
}
Event: 1.012 GC heap before
{Heap before GC invocations=13 (full 2):
 PSYoungGen      total 25600K, used 23700K [0x0000000716000000, 0x0000000718500000, 0x00000007c0000000)
  eden space 16896K, 100% used [0x0000000716000000,0x0000000717080000,0x0000000717080000)
  from space 8704K, 78% used [0x0000000717a00000,0x00000007180a5158,0x0000000718280000)
  to   space 9728K, 0% used [0x0000000717080000,0x0000000717080000,0x0000000717a00000)
 ParOldGen       total 22016K, used 14830K [0x00000005c2000000, 0x00000005c3580000, 0x0000000716000000)
  object space 22016K, 67% used [0x00000005c2000000,0x00000005c2e7b9e8,0x00000005c3580000)
 Metaspace       used 8082K, capacity 8852K, committed 9216K, reserved 1056768K
  class space    used 884K, capacity 912K, committed 1024K, reserved 1048576K
Event: 1.020 GC heap after
Heap after GC invocations=13 (full 2):
 PSYoungGen      total 26624K, used 9712K [0x0000000716000000, 0x0000000718500000, 0x00000007c0000000)
  eden space 16896K, 0% used [0x0000000716000000,0x0000000716000000,0x0000000717080000)
  from space 9728K, 99% used [0x0000000717080000,0x00000007179fc3f8,0x0000000717a00000)
  to   space 8704K, 0% used [0x0000000717a00000,0x0000000717a00000,0x0000000718280000)
 ParOldGen       total 22016K, used 17633K [0x00000005c2000000, 0x00000005c3580000, 0x0000000716000000)
  object space 22016K, 80% used [0x00000005c2000000,0x00000005c31385a8,0x00000005c3580000)
 Metaspace       used 8082K, capacity 8852K, committed 9216K, reserved 1056768K
  class space    used 884K, capacity 912K, committed 1024K, reserved 1048576K
}

