# JRE version: OpenJDK Runtime Environment (8.0) (build 1.8.0-25-microsoft-b00)
# Java VM: OpenJDK 64-Bit Server VM (25.71-b00 mixed mode windows-amd64 compressed oops)
Heap:
 PSYoungGen      total 25600K, used 11375K [0x0000000716000000, 0x0000000718380000, 0x00000007c0000000)
  eden space 18944K, 39% used [0x0000000716000000,0x0000000716738408,0x0000000717280000)
  from space 6656K, 59% used [0x0000000717400000,0x00000007177e3b68,0x0000000717a80000)
  to   space 8704K, 0% used [0x0000000717b00000,0x0000000717b00000,0x0000000718380000)
 ParOldGen       total 20480K, used 11085K [0x00000005c2000000, 0x00000005c3400000, 0x0000000716000000)
  object space 20480K, 54% used [0x00000005c2000000,0x00000005c2ad36b0,0x00000005c3400000)
 Metaspace       used 7804K, capacity 8596K, committed 8960K, reserved 1056768K
  class space    used 881K, capacity 912K, committed 1024K, reserved 1048576K
GC Heap History (10 events):
Event: 0.495 GC heap before
{Heap before GC invocations=7 (full 0):
 PSYoungGen      total 14336K, used 14080K [0x0000000716000000, 0x0000000717200000, 0x00000007c0000000)
  eden space 11776K, 100% used [0x0000000716000000,0x0000000716b80000,0x0000000716b80000)
  from space 2560K, 90% used [0x0000000716e80000,0x00000007170c0020,0x0000000717100000)
  to   space 3072K, 0% used [0x0000000716b80000,0x0000000716b80000,0x0000000716e80000)
 ParOldGen       total 5632K, used 2683K [0x00000005c2000000, 0x00000005c2580000, 0x0000000716000000)
  object space 5632K, 47% used [0x00000005c2000000,0x00000005c229eef0,0x00000005c2580000)
 Metaspace       used 7402K, capacity 8308K, committed 8576K, reserved 1056768K
  class space    used 857K, capacity 880K, committed 896K, reserved 1048576K
Event: 0.500 GC heap after
Heap after GC invocations=7 (full 0):
 PSYoungGen      total 14848K, used 3049K [0x0000000716000000, 0x0000000718100000, 0x00000007c0000000)
  eden space 11776K, 0% used [0x0000000716000000,0x0000000716000000,0x0000000716b80000)
  from space 3072K, 99% used [0x0000000716b80000,0x0000000716e7a710,0x0000000716e80000)
  to   space 5120K, 0% used [0x0000000717c00000,0x0000000717c00000,0x0000000718100000)
 ParOldGen       total 5632K, used 5344K [0x00000005c2000000, 0x00000005c2580000, 0x0000000716000000)
  object space 5632K, 94% used [0x00000005c2000000,0x00000005c2538300,0x00000005c2580000)
 Metaspace       used 7402K, capacity 8308K, committed 8576K, reserved 1056768K
  class space    used 857K, capacity 880K, committed 896K, reserved 1048576K
}
Event: 0.500 GC heap before
{Heap before GC invocations=8 (full 1):
 PSYoungGen      total 14848K, used 3049K [0x0000000716000000, 0x0000000718100000, 0x00000007c0000000)
  eden space 11776K, 0% used [0x0000000716000000,0x0000000716000000,0x0000000716b80000)
  from space 3072K, 99% used [0x0000000716b80000,0x0000000716e7a710,0x0000000716e80000)
  to   space 5120K, 0% used [0x0000000717c00000,0x0000000717c00000,0x0000000718100000)
 ParOldGen       total 5632K, used 5344K [0x00000005c2000000, 0x00000005c2580000, 0x0000000716000000)
  object space 5632K, 94% used [0x00000005c2000000,0x00000005c2538300,0x00000005c2580000)
 Metaspace       used 7402K, capacity 8308K, committed 8576K, reserved 1056768K
  class space    used 857K, capacity 880K, committed 896K, reserved 1048576K
Event: 0.541 GC heap after
Heap after GC invocations=8 (full 1):
 PSYoungGen      total 14848K, used 1964K [0x0000000716000000, 0x0000000718100000, 0x00000007c0000000)
  eden space 11776K, 0% used [0x0000000716000000,0x0000000716000000,0x0000000716b80000)
  from space 3072K, 63% used [0x0000000716b80000,0x0000000716d6b030,0x0000000716e80000)
  to   space 5120K, 0% used [0x0000000717c00000,0x0000000717c00000,0x0000000718100000)
 ParOldGen       total 11264K, used 5497K [0x00000005c2000000, 0x00000005c2b00000, 0x0000000716000000)
  object space 11264K, 48% used [0x00000005c2000000,0x00000005c255e7a8,0x00000005c2b00000)
 Metaspace       used 7402K, capacity 8308K, committed 8576K, reserved 1056768K
  class space    used 857K, capacity 880K, committed 896K, reserved 1048576K
}
Event: 0.598 GC heap before
{Heap before GC invocations=9 (full 1):
 PSYoungGen      total 14848K, used 13462K [0x0000000716000000, 0x0000000718100000, 0x00000007c0000000)
  eden space 11776K, 97% used [0x0000000716000000,0x0000000716b3aad0,0x0000000716b80000)
  from space 3072K, 63% used [0x0000000716b80000,0x0000000716d6b030,0x0000000716e80000)
  to   space 5120K, 0% used [0x0000000717c00000,0x0000000717c00000,0x0000000718100000)
 ParOldGen       total 11264K, used 5497K [0x00000005c2000000, 0x00000005c2b00000, 0x0000000716000000)
  object space 11264K, 48% used [0x00000005c2000000,0x00000005c255e7a8,0x00000005c2b00000)
 Metaspace       used 7420K, capacity 8308K, committed 8576K, reserved 1056768K
  class space    used 857K, capacity 880K, committed 896K, reserved 1048576K
Event: 0.601 GC heap after
Heap after GC invocations=9 (full 1):
 PSYoungGen      total 20480K, used 5102K [0x0000000716000000, 0x0000000718100000, 0x00000007c0000000)
  eden space 15360K, 0% used [0x0000000716000000,0x0000000716000000,0x0000000716f00000)
  from space 5120K, 99% used [0x0000000717c00000,0x00000007180fb838,0x0000000718100000)
  to   space 6656K, 0% used [0x0000000717400000,0x0000000717400000,0x0000000717a80000)
 ParOldGen       total 11264K, used 6604K [0x00000005c2000000, 0x00000005c2b00000, 0x0000000716000000)
  object space 11264K, 58% used [0x00000005c2000000,0x00000005c26733d8,0x00000005c2b00000)
 Metaspace       used 7420K, capacity 8308K, committed 8576K, reserved 1056768K
  class space    used 857K, capacity 880K, committed 896K, reserved 1048576K
}
Event: 0.666 GC heap before
{Heap before GC invocations=10 (full 1):
 PSYoungGen      total 20480K, used 20462K [0x0000000716000000, 0x0000000718100000, 0x00000007c0000000)
  eden space 15360K, 100% used [0x0000000716000000,0x0000000716f00000,0x0000000716f00000)
  from space 5120K, 99% used [0x0000000717c00000,0x00000007180fb838,0x0000000718100000)
  to   space 6656K, 0% used [0x0000000717400000,0x0000000717400000,0x0000000717a80000)
 ParOldGen       total 11264K, used 6604K [0x00000005c2000000, 0x00000005c2b00000, 0x0000000716000000)
  object space 11264K, 58% used [0x00000005c2000000,0x00000005c26733d8,0x00000005c2b00000)
 Metaspace       used 7619K, capacity 8468K, committed 8704K, reserved 1056768K
  class space    used 871K, capacity 912K, committed 1024K, reserved 1048576K
Event: 0.672 GC heap after
Heap after GC invocations=10 (full 1):
 PSYoungGen      total 25600K, used 6625K [0x0000000716000000, 0x0000000718380000, 0x00000007c0000000)
  eden space 18944K, 0% used [0x0000000716000000,0x0000000716000000,0x0000000717280000)
  from space 6656K, 99% used [0x0000000717400000,0x0000000717a78428,0x0000000717a80000)
  to   space 8704K, 0% used [0x0000000717b00000,0x0000000717b00000,0x0000000718380000)
 ParOldGen       total 11264K, used 8975K [0x00000005c2000000, 0x00000005c2b00000, 0x0000000716000000)
  object space 11264K, 79% used [0x00000005c2000000,0x00000005c28c3d18,0x00000005c2b00000)
 Metaspace       used 7619K, capacity 8468K, committed 8704K, reserved 1056768K
  class space    used 871K, capacity 912K, committed 1024K, reserved 1048576K
}
Event: 0.672 GC heap before
{Heap before GC invocations=11 (full 2):
 PSYoungGen      total 25600K, used 6625K [0x0000000716000000, 0x0000000718380000, 0x00000007c0000000)
  eden space 18944K, 0% used [0x0000000716000000,0x0000000716000000,0x0000000717280000)
  from space 6656K, 99% used [0x0000000717400000,0x0000000717a78428,0x0000000717a80000)
  to   space 8704K, 0% used [0x0000000717b00000,0x0000000717b00000,0x0000000718380000)
 ParOldGen       total 11264K, used 8975K [0x00000005c2000000, 0x00000005c2b00000, 0x0000000716000000)
  object space 11264K, 79% used [0x00000005c2000000,0x00000005c28c3d18,0x00000005c2b00000)
 Metaspace       used 7619K, capacity 8468K, committed 8704K, reserved 1056768K
  class space    used 871K, capacity 912K, committed 1024K, reserved 1048576K
Event: 0.743 GC heap after
Heap after GC invocations=11 (full 2):
 PSYoungGen      total 25600K, used 3982K [0x0000000716000000, 0x0000000718380000, 0x00000007c0000000)
  eden space 18944K, 0% used [0x0000000716000000,0x0000000716000000,0x0000000717280000)
  from space 6656K, 59% used [0x0000000717400000,0x00000007177e3b68,0x0000000717a80000)
  to   space 8704K, 0% used [0x0000000717b00000,0x0000000717b00000,0x0000000718380000)
 ParOldGen       total 20480K, used 11085K [0x00000005c2000000, 0x00000005c3400000, 0x0000000716000000)
  object space 20480K, 54% used [0x00000005c2000000,0x00000005c2ad36b0,0x00000005c3400000)
 Metaspace       used 7619K, capacity 8468K, committed 8704K, reserved 1056768K
  class space    used 871K, capacity 912K, committed 1024K, reserved 1048576K
}

