# JRE version: OpenJDK Runtime Environment (8.0) (build 1.8.0-25-microsoft-b00)
# Java VM: OpenJDK 64-Bit Server VM (25.71-b00 mixed mode windows-amd64 compressed oops)
Heap:
 PSYoungGen      total 22016K, used 16896K [0x0000000716000000, 0x0000000718100000, 0x00000007c0000000)
  eden space 16896K, 100% used [0x0000000716000000,0x0000000717080000,0x0000000717080000)
  from space 5120K, 0% used [0x0000000717c00000,0x0000000717c00000,0x0000000718100000)
  to   space 7168K, 0% used [0x0000000717300000,0x0000000717300000,0x0000000717a00000)
 ParOldGen       total 10752K, used 10517K [0x00000005c2000000, 0x00000005c2a80000, 0x0000000716000000)
  object space 10752K, 97% used [0x00000005c2000000,0x00000005c2a45640,0x00000005c2a80000)
 Metaspace       used 8074K, capacity 8852K, committed 9216K, reserved 1056768K
  class space    used 884K, capacity 912K, committed 1024K, reserved 1048576K
GC Heap History (10 events):
Event: 2.703 GC heap before
{Heap before GC invocations=10 (full 2):
 PSYoungGen      total 22016K, used 5091K [0x0000000716000000, 0x0000000718100000, 0x00000007c0000000)
  eden space 16896K, 0% used [0x0000000716000000,0x0000000716000000,0x0000000717080000)
  from space 5120K, 99% used [0x0000000717c00000,0x00000007180f8eb0,0x0000000718100000)
  to   space 7168K, 0% used [0x0000000717300000,0x0000000717300000,0x0000000717a00000)
 ParOldGen       total 10752K, used 8292K [0x00000005c2000000, 0x00000005c2a80000, 0x0000000716000000)
  object space 10752K, 77% used [0x00000005c2000000,0x00000005c28190b0,0x00000005c2a80000)
 Metaspace       used 7435K, capacity 8308K, committed 8576K, reserved 1056768K
  class space    used 857K, capacity 880K, committed 896K, reserved 1048576K
Event: 2.739 GC heap after
Heap after GC invocations=10 (full 2):
 PSYoungGen      total 22016K, used 974K [0x0000000716000000, 0x0000000718100000, 0x00000007c0000000)
  eden space 16896K, 0% used [0x0000000716000000,0x0000000716000000,0x0000000717080000)
  from space 5120K, 19% used [0x0000000717c00000,0x0000000717cf38f8,0x0000000718100000)
  to   space 7168K, 0% used [0x0000000717300000,0x0000000717300000,0x0000000717a00000)
 ParOldGen       total 10752K, used 10405K [0x00000005c2000000, 0x00000005c2a80000, 0x0000000716000000)
  object space 10752K, 96% used [0x00000005c2000000,0x00000005c2a29518,0x00000005c2a80000)
 Metaspace       used 7435K, capacity 8308K, committed 8576K, reserved 1056768K
  class space    used 857K, capacity 880K, committed 896K, reserved 1048576K
}
Event: 2.810 GC heap before
{Heap before GC invocations=11 (full 3):
 PSYoungGen      total 22016K, used 17870K [0x0000000716000000, 0x0000000718100000, 0x00000007c0000000)
  eden space 16896K, 100% used [0x0000000716000000,0x0000000717080000,0x0000000717080000)
  from space 5120K, 19% used [0x0000000717c00000,0x0000000717cf38f8,0x0000000718100000)
  to   space 7168K, 0% used [0x0000000717300000,0x0000000717300000,0x0000000717a00000)
 ParOldGen       total 10752K, used 10405K [0x00000005c2000000, 0x00000005c2a80000, 0x0000000716000000)
  object space 10752K, 96% used [0x00000005c2000000,0x00000005c2a29518,0x00000005c2a80000)
 Metaspace       used 7659K, capacity 8468K, committed 8704K, reserved 1056768K
  class space    used 871K, capacity 912K, committed 1024K, reserved 1048576K
Event: 2.867 GC heap after
Heap after GC invocations=11 (full 3):
 PSYoungGen      total 22016K, used 4667K [0x0000000716000000, 0x0000000718100000, 0x00000007c0000000)
  eden space 16896K, 27% used [0x0000000716000000,0x000000071648eeb8,0x0000000717080000)
  from space 5120K, 0% used [0x0000000717c00000,0x0000000717c00000,0x0000000718100000)
  to   space 7168K, 0% used [0x0000000717300000,0x0000000717300000,0x0000000717a00000)
 ParOldGen       total 10752K, used 10625K [0x00000005c2000000, 0x00000005c2a80000, 0x0000000716000000)
  object space 10752K, 98% used [0x00000005c2000000,0x00000005c2a606d8,0x00000005c2a80000)
 Metaspace       used 7659K, capacity 8468K, committed 8704K, reserved 1056768K
  class space    used 871K, capacity 912K, committed 1024K, reserved 1048576K
}
Event: 2.929 GC heap before
{Heap before GC invocations=12 (full 4):
 PSYoungGen      total 22016K, used 16896K [0x0000000716000000, 0x0000000718100000, 0x00000007c0000000)
  eden space 16896K, 100% used [0x0000000716000000,0x0000000717080000,0x0000000717080000)
  from space 5120K, 0% used [0x0000000717c00000,0x0000000717c00000,0x0000000718100000)
  to   space 7168K, 0% used [0x0000000717300000,0x0000000717300000,0x0000000717a00000)
 ParOldGen       total 10752K, used 10625K [0x00000005c2000000, 0x00000005c2a80000, 0x0000000716000000)
  object space 10752K, 98% used [0x00000005c2000000,0x00000005c2a606d8,0x00000005c2a80000)
 Metaspace       used 7861K, capacity 8660K, committed 8960K, reserved 1056768K
  class space    used 881K, capacity 912K, committed 1024K, reserved 1048576K
Event: 2.976 GC heap after
Heap after GC invocations=12 (full 4):
 PSYoungGen      total 22016K, used 9551K [0x0000000716000000, 0x0000000718100000, 0x00000007c0000000)
  eden space 16896K, 56% used [0x0000000716000000,0x0000000716953c60,0x0000000717080000)
  from space 5120K, 0% used [0x0000000717c00000,0x0000000717c00000,0x0000000718100000)
  to   space 7168K, 0% used [0x0000000717300000,0x0000000717300000,0x0000000717a00000)
 ParOldGen       total 10752K, used 10517K [0x00000005c2000000, 0x00000005c2a80000, 0x0000000716000000)
  object space 10752K, 97% used [0x00000005c2000000,0x00000005c2a45668,0x00000005c2a80000)
 Metaspace       used 7861K, capacity 8660K, committed 8960K, reserved 1056768K
  class space    used 881K, capacity 912K, committed 1024K, reserved 1048576K
}
Event: 3.014 GC heap before
{Heap before GC invocations=13 (full 5):
 PSYoungGen      total 22016K, used 16896K [0x0000000716000000, 0x0000000718100000, 0x00000007c0000000)
  eden space 16896K, 100% used [0x0000000716000000,0x0000000717080000,0x0000000717080000)
  from space 5120K, 0% used [0x0000000717c00000,0x0000000717c00000,0x0000000718100000)
  to   space 7168K, 0% used [0x0000000717300000,0x0000000717300000,0x0000000717a00000)
 ParOldGen       total 10752K, used 10517K [0x00000005c2000000, 0x00000005c2a80000, 0x0000000716000000)
  object space 10752K, 97% used [0x00000005c2000000,0x00000005c2a45668,0x00000005c2a80000)
 Metaspace       used 7965K, capacity 8724K, committed 8960K, reserved 1056768K
  class space    used 884K, capacity 912K, committed 1024K, reserved 1048576K
Event: 3.070 GC heap after
Heap after GC invocations=13 (full 5):
 PSYoungGen      total 22016K, used 11412K [0x0000000716000000, 0x0000000718100000, 0x00000007c0000000)
  eden space 16896K, 67% used [0x0000000716000000,0x0000000716b25138,0x0000000717080000)
  from space 5120K, 0% used [0x0000000717c00000,0x0000000717c00000,0x0000000718100000)
  to   space 7168K, 0% used [0x0000000717300000,0x0000000717300000,0x0000000717a00000)
 ParOldGen       total 10752K, used 10517K [0x00000005c2000000, 0x00000005c2a80000, 0x0000000716000000)
  object space 10752K, 97% used [0x00000005c2000000,0x00000005c2a45658,0x00000005c2a80000)
 Metaspace       used 7965K, capacity 8724K, committed 8960K, reserved 1056768K
  class space    used 884K, capacity 912K, committed 1024K, reserved 1048576K
}
Event: 3.123 GC heap before
{Heap before GC invocations=14 (full 6):
 PSYoungGen      total 22016K, used 16896K [0x0000000716000000, 0x0000000718100000, 0x00000007c0000000)
  eden space 16896K, 100% used [0x0000000716000000,0x0000000717080000,0x0000000717080000)
  from space 5120K, 0% used [0x0000000717c00000,0x0000000717c00000,0x0000000718100000)
  to   space 7168K, 0% used [0x0000000717300000,0x0000000717300000,0x0000000717a00000)
 ParOldGen       total 10752K, used 10517K [0x00000005c2000000, 0x00000005c2a80000, 0x0000000716000000)
  object space 10752K, 97% used [0x00000005c2000000,0x00000005c2a45658,0x00000005c2a80000)
 Metaspace       used 8040K, capacity 8788K, committed 8960K, reserved 1056768K
  class space    used 884K, capacity 912K, committed 1024K, reserved 1048576K
Event: 3.190 GC heap after
Heap after GC invocations=14 (full 6):
 PSYoungGen      total 22016K, used 14071K [0x0000000716000000, 0x0000000718100000, 0x00000007c0000000)
  eden space 16896K, 83% used [0x0000000716000000,0x0000000716dbdd40,0x0000000717080000)
  from space 5120K, 0% used [0x0000000717c00000,0x0000000717c00000,0x0000000718100000)
  to   space 7168K, 0% used [0x0000000717300000,0x0000000717300000,0x0000000717a00000)
 ParOldGen       total 10752K, used 10517K [0x00000005c2000000, 0x00000005c2a80000, 0x0000000716000000)
  object space 10752K, 97% used [0x00000005c2000000,0x00000005c2a45640,0x00000005c2a80000)
 Metaspace       used 8040K, capacity 8788K, committed 8960K, reserved 1056768K
  class space    used 884K, capacity 912K, committed 1024K, reserved 1048576K
}

