# JRE version: OpenJDK Runtime Environment (8.0) (build 1.8.0-25-microsoft-b00)
# Java VM: OpenJDK 64-Bit Server VM (25.71-b00 mixed mode windows-amd64 compressed oops)
Heap:
 PSYoungGen      total 283648K, used 94686K [0x00000000eab00000, 0x0000000100000000, 0x0000000100000000)
  eden space 262144K, 27% used [0x00000000eab00000,0x00000000ef27dcc8,0x00000000fab00000)
  from space 21504K, 99% used [0x00000000fab00000,0x00000000fbff9e20,0x00000000fc000000)
  to   space 21504K, 0% used [0x00000000feb00000,0x00000000feb00000,0x0000000100000000)
 ParOldGen       total 348160K, used 31076K [0x00000000c0000000, 0x00000000d5400000, 0x00000000eab00000)
  object space 348160K, 8% used [0x00000000c0000000,0x00000000c1e59300,0x00000000d5400000)
 Metaspace       used 14710K, capacity 15500K, committed 15616K, reserved 1062912K
  class space    used 1794K, capacity 1984K, committed 2048K, reserved 1048576K
GC Heap History (6 events):
Event: 0.646 GC heap before
{Heap before GC invocations=1 (full 0):
 PSYoungGen      total 152576K, used 131072K [0x00000000eab00000, 0x00000000f5500000, 0x0000000100000000)
  eden space 131072K, 100% used [0x00000000eab00000,0x00000000f2b00000,0x00000000f2b00000)
  from space 21504K, 0% used [0x00000000f4000000,0x00000000f4000000,0x00000000f5500000)
  to   space 21504K, 0% used [0x00000000f2b00000,0x00000000f2b00000,0x00000000f4000000)
 ParOldGen       total 348160K, used 0K [0x00000000c0000000, 0x00000000d5400000, 0x00000000eab00000)
  object space 348160K, 0% used [0x00000000c0000000,0x00000000c0000000,0x00000000d5400000)
 Metaspace       used 8672K, capacity 9022K, committed 9344K, reserved 1056768K
  class space    used 960K, capacity 1085K, committed 1152K, reserved 1048576K
Event: 0.667 GC heap after
Heap after GC invocations=1 (full 0):
 PSYoungGen      total 152576K, used 21500K [0x00000000eab00000, 0x00000000fd500000, 0x0000000100000000)
  eden space 131072K, 0% used [0x00000000eab00000,0x00000000eab00000,0x00000000f2b00000)
  from space 21504K, 99% used [0x00000000f2b00000,0x00000000f3fff350,0x00000000f4000000)
  to   space 21504K, 0% used [0x00000000fc000000,0x00000000fc000000,0x00000000fd500000)
 ParOldGen       total 348160K, used 11084K [0x00000000c0000000, 0x00000000d5400000, 0x00000000eab00000)
  object space 348160K, 3% used [0x00000000c0000000,0x00000000c0ad3040,0x00000000d5400000)
 Metaspace       used 8672K, capacity 9022K, committed 9344K, reserved 1056768K
  class space    used 960K, capacity 1085K, committed 1152K, reserved 1048576K
}
Event: 1.201 GC heap before
{Heap before GC invocations=2 (full 0):
 PSYoungGen      total 152576K, used 152572K [0x00000000eab00000, 0x00000000fd500000, 0x0000000100000000)
  eden space 131072K, 100% used [0x00000000eab00000,0x00000000f2b00000,0x00000000f2b00000)
  from space 21504K, 99% used [0x00000000f2b00000,0x00000000f3fff350,0x00000000f4000000)
  to   space 21504K, 0% used [0x00000000fc000000,0x00000000fc000000,0x00000000fd500000)
 ParOldGen       total 348160K, used 11084K [0x00000000c0000000, 0x00000000d5400000, 0x00000000eab00000)
  object space 348160K, 3% used [0x00000000c0000000,0x00000000c0ad3040,0x00000000d5400000)
 Metaspace       used 13890K, capacity 14608K, committed 14848K, reserved 1062912K
  class space    used 1750K, capacity 1934K, committed 2048K, reserved 1048576K
Event: 1.225 GC heap after
Heap after GC invocations=2 (full 0):
 PSYoungGen      total 283648K, used 21501K [0x00000000eab00000, 0x00000000fd500000, 0x0000000100000000)
  eden space 262144K, 0% used [0x00000000eab00000,0x00000000eab00000,0x00000000fab00000)
  from space 21504K, 99% used [0x00000000fc000000,0x00000000fd4ff4b0,0x00000000fd500000)
  to   space 21504K, 0% used [0x00000000fab00000,0x00000000fab00000,0x00000000fc000000)
 ParOldGen       total 348160K, used 23775K [0x00000000c0000000, 0x00000000d5400000, 0x00000000eab00000)
  object space 348160K, 6% used [0x00000000c0000000,0x00000000c1737cc8,0x00000000d5400000)
 Metaspace       used 13890K, capacity 14608K, committed 14848K, reserved 1062912K
  class space    used 1750K, capacity 1934K, committed 2048K, reserved 1048576K
}
Event: 1.811 GC heap before
{Heap before GC invocations=3 (full 0):
 PSYoungGen      total 283648K, used 283645K [0x00000000eab00000, 0x00000000fd500000, 0x0000000100000000)
  eden space 262144K, 100% used [0x00000000eab00000,0x00000000fab00000,0x00000000fab00000)
  from space 21504K, 99% used [0x00000000fc000000,0x00000000fd4ff4b0,0x00000000fd500000)
  to   space 21504K, 0% used [0x00000000fab00000,0x00000000fab00000,0x00000000fc000000)
 ParOldGen       total 348160K, used 23775K [0x00000000c0000000, 0x00000000d5400000, 0x00000000eab00000)
  object space 348160K, 6% used [0x00000000c0000000,0x00000000c1737cc8,0x00000000d5400000)
 Metaspace       used 14497K, capacity 15300K, committed 15616K, reserved 1062912K
  class space    used 1792K, capacity 1984K, committed 2048K, reserved 1048576K
Event: 1.833 GC heap after
Heap after GC invocations=3 (full 0):
 PSYoungGen      total 283648K, used 21479K [0x00000000eab00000, 0x0000000100000000, 0x0000000100000000)
  eden space 262144K, 0% used [0x00000000eab00000,0x00000000eab00000,0x00000000fab00000)
  from space 21504K, 99% used [0x00000000fab00000,0x00000000fbff9e20,0x00000000fc000000)
  to   space 21504K, 0% used [0x00000000feb00000,0x00000000feb00000,0x0000000100000000)
 ParOldGen       total 348160K, used 31076K [0x00000000c0000000, 0x00000000d5400000, 0x00000000eab00000)
  object space 348160K, 8% used [0x00000000c0000000,0x00000000c1e59300,0x00000000d5400000)
 Metaspace       used 14497K, capacity 15300K, committed 15616K, reserved 1062912K
  class space    used 1792K, capacity 1984K, committed 2048K, reserved 1048576K
}

