# JRE version: OpenJDK Runtime Environment (8.0) (build 1.8.0-25-microsoft-b00)
# Java VM: OpenJDK 64-Bit Server VM (25.71-b00 mixed mode windows-amd64 compressed oops)
Heap:
 PSYoungGen      total 283648K, used 94071K [0x00000000eab00000, 0x0000000100000000, 0x0000000100000000)
  eden space 262144K, 27% used [0x00000000eab00000,0x00000000ef1de420,0x00000000fab00000)
  from space 21504K, 99% used [0x00000000fab00000,0x00000000fbfff9d8,0x00000000fc000000)
  to   space 21504K, 0% used [0x00000000feb00000,0x00000000feb00000,0x0000000100000000)
 ParOldGen       total 348160K, used 98504K [0x00000000c0000000, 0x00000000d5400000, 0x00000000eab00000)
  object space 348160K, 28% used [0x00000000c0000000,0x00000000c6032358,0x00000000d5400000)
 Metaspace       used 10780K, capacity 11372K, committed 11648K, reserved 1058816K
  class space    used 1219K, capacity 1362K, committed 1408K, reserved 1048576K
GC Heap History (6 events):
Event: 0.702 GC heap before
{Heap before GC invocations=1 (full 0):
 PSYoungGen      total 152576K, used 131072K [0x00000000eab00000, 0x00000000f5500000, 0x0000000100000000)
  eden space 131072K, 100% used [0x00000000eab00000,0x00000000f2b00000,0x00000000f2b00000)
  from space 21504K, 0% used [0x00000000f4000000,0x00000000f4000000,0x00000000f5500000)
  to   space 21504K, 0% used [0x00000000f2b00000,0x00000000f2b00000,0x00000000f4000000)
 ParOldGen       total 348160K, used 0K [0x00000000c0000000, 0x00000000d5400000, 0x00000000eab00000)
  object space 348160K, 0% used [0x00000000c0000000,0x00000000c0000000,0x00000000d5400000)
 Metaspace       used 9323K, capacity 9680K, committed 9984K, reserved 1058816K
  class space    used 1067K, capacity 1174K, committed 1280K, reserved 1048576K
Event: 0.718 GC heap after
Heap after GC invocations=1 (full 0):
 PSYoungGen      total 152576K, used 21483K [0x00000000eab00000, 0x00000000fd500000, 0x0000000100000000)
  eden space 131072K, 0% used [0x00000000eab00000,0x00000000eab00000,0x00000000f2b00000)
  from space 21504K, 99% used [0x00000000f2b00000,0x00000000f3ffac78,0x00000000f4000000)
  to   space 21504K, 0% used [0x00000000fc000000,0x00000000fc000000,0x00000000fd500000)
 ParOldGen       total 348160K, used 10619K [0x00000000c0000000, 0x00000000d5400000, 0x00000000eab00000)
  object space 348160K, 3% used [0x00000000c0000000,0x00000000c0a5ed30,0x00000000d5400000)
 Metaspace       used 9323K, capacity 9680K, committed 9984K, reserved 1058816K
  class space    used 1067K, capacity 1174K, committed 1280K, reserved 1048576K
}
Event: 0.968 GC heap before
{Heap before GC invocations=2 (full 0):
 PSYoungGen      total 152576K, used 152555K [0x00000000eab00000, 0x00000000fd500000, 0x0000000100000000)
  eden space 131072K, 100% used [0x00000000eab00000,0x00000000f2b00000,0x00000000f2b00000)
  from space 21504K, 99% used [0x00000000f2b00000,0x00000000f3ffac78,0x00000000f4000000)
  to   space 21504K, 0% used [0x00000000fc000000,0x00000000fc000000,0x00000000fd500000)
 ParOldGen       total 348160K, used 10619K [0x00000000c0000000, 0x00000000d5400000, 0x00000000eab00000)
  object space 348160K, 3% used [0x00000000c0000000,0x00000000c0a5ed30,0x00000000d5400000)
 Metaspace       used 9532K, capacity 9984K, committed 10240K, reserved 1058816K
  class space    used 1085K, capacity 1180K, committed 1280K, reserved 1048576K
Event: 0.994 GC heap after
Heap after GC invocations=2 (full 0):
 PSYoungGen      total 283648K, used 21472K [0x00000000eab00000, 0x00000000fd500000, 0x0000000100000000)
  eden space 262144K, 0% used [0x00000000eab00000,0x00000000eab00000,0x00000000fab00000)
  from space 21504K, 99% used [0x00000000fc000000,0x00000000fd4f81b0,0x00000000fd500000)
  to   space 21504K, 0% used [0x00000000fab00000,0x00000000fab00000,0x00000000fc000000)
 ParOldGen       total 348160K, used 29381K [0x00000000c0000000, 0x00000000d5400000, 0x00000000eab00000)
  object space 348160K, 8% used [0x00000000c0000000,0x00000000c1cb1618,0x00000000d5400000)
 Metaspace       used 9532K, capacity 9984K, committed 10240K, reserved 1058816K
  class space    used 1085K, capacity 1180K, committed 1280K, reserved 1048576K
}
Event: 2.423 GC heap before
{Heap before GC invocations=3 (full 0):
 PSYoungGen      total 283648K, used 283616K [0x00000000eab00000, 0x00000000fd500000, 0x0000000100000000)
  eden space 262144K, 100% used [0x00000000eab00000,0x00000000fab00000,0x00000000fab00000)
  from space 21504K, 99% used [0x00000000fc000000,0x00000000fd4f81b0,0x00000000fd500000)
  to   space 21504K, 0% used [0x00000000fab00000,0x00000000fab00000,0x00000000fc000000)
 ParOldGen       total 348160K, used 29381K [0x00000000c0000000, 0x00000000d5400000, 0x00000000eab00000)
  object space 348160K, 8% used [0x00000000c0000000,0x00000000c1cb1618,0x00000000d5400000)
 Metaspace       used 10683K, capacity 11252K, committed 11392K, reserved 1058816K
  class space    used 1214K, capacity 1326K, committed 1408K, reserved 1048576K
Event: 2.486 GC heap after
Heap after GC invocations=3 (full 0):
 PSYoungGen      total 283648K, used 21502K [0x00000000eab00000, 0x0000000100000000, 0x0000000100000000)
  eden space 262144K, 0% used [0x00000000eab00000,0x00000000eab00000,0x00000000fab00000)
  from space 21504K, 99% used [0x00000000fab00000,0x00000000fbfff9d8,0x00000000fc000000)
  to   space 21504K, 0% used [0x00000000feb00000,0x00000000feb00000,0x0000000100000000)
 ParOldGen       total 348160K, used 98504K [0x00000000c0000000, 0x00000000d5400000, 0x00000000eab00000)
  object space 348160K, 28% used [0x00000000c0000000,0x00000000c6032358,0x00000000d5400000)
 Metaspace       used 10683K, capacity 11252K, committed 11392K, reserved 1058816K
  class space    used 1214K, capacity 1326K, committed 1408K, reserved 1048576K
}

